<?xml version="1.0" encoding="UTF-8"?>
<!-- Generated by org.testng.reporters.JUnitReportReporter -->
<testsuite hostname="Ankurs-Surface-3" failures="0" tests="1" name="Call_API.TC001_PUT_Request" time="3.675" errors="0" timestamp="2023-05-20T11:43:16 EDT" skipped="0">
  <testcase classname="Call_API.TC001_PUT_Request" name="put_test" time="3.675"/>
  <system-out/>
</testsuite> <!-- Call_API.TC001_PUT_Request -->
