<?xml version="1.0" encoding="UTF-8"?>
<!-- Generated by org.testng.reporters.JUnitReportReporter -->
<testsuite hostname="Ankurs-Surface-3" failures="0" tests="1" name="Call_API.TC001_GET_Request" time="3.648" errors="0" timestamp="2023-05-20T11:52:22 EDT" skipped="0">
  <testcase classname="Call_API.TC001_GET_Request" name="post_test" time="3.648"/>
  <system-out/>
</testsuite> <!-- Call_API.TC001_GET_Request -->
