<?xml version="1.0" encoding="UTF-8"?>
<!-- Generated by org.testng.reporters.JUnitReportReporter -->
<testsuite hostname="Ankurs-Surface-3" failures="0" tests="1" name="Call_API_2.GET_Test" time="2.847" errors="0" timestamp="2023-05-20T13:38:18 EDT" skipped="0">
  <testcase classname="Call_API_2.GET_Test" name="get_call" time="2.847"/>
  <system-out/>
</testsuite> <!-- Call_API_2.GET_Test -->
